<?xml version="1.0" encoding="UTF-8"?>
<coverage generated="1750528703501" clover="3.2.0">
  <project timestamp="1750528703501" name="All files">
    <metrics statements="52" coveredstatements="52" conditionals="13" coveredconditionals="13" methods="6" coveredmethods="6" elements="71" coveredelements="71" complexity="0" loc="52" ncloc="52" packages="1" files="1" classes="1"/>
    <file name="coordinates.ts" path="/Users/russbiggs/workspace/openaq-transform/src/core/coordinates.ts">
      <metrics statements="52" coveredstatements="52" conditionals="13" coveredconditionals="13" methods="6" coveredmethods="6"/>
      <line num="1" count="1" type="stmt"/>
      <line num="30" count="1" type="cond" truecount="1" falsecount="0"/>
      <line num="34" count="19" type="stmt"/>
      <line num="38" count="19" type="stmt"/>
      <line num="42" count="19" type="stmt"/>
      <line num="47" count="19" type="stmt"/>
      <line num="62" count="19" type="cond" truecount="1" falsecount="0"/>
      <line num="63" count="19" type="stmt"/>
      <line num="64" count="19" type="stmt"/>
      <line num="65" count="19" type="stmt"/>
      <line num="66" count="19" type="stmt"/>
      <line num="69" count="19" type="cond" truecount="1" falsecount="0"/>
      <line num="70" count="3" type="stmt"/>
      <line num="71" count="3" type="stmt"/>
      <line num="73" count="19" type="stmt"/>
      <line num="82" count="19" type="cond" truecount="1" falsecount="0"/>
      <line num="83" count="5" type="stmt"/>
      <line num="84" count="5" type="stmt"/>
      <line num="94" count="19" type="cond" truecount="1" falsecount="0"/>
      <line num="95" count="5" type="stmt"/>
      <line num="96" count="5" type="stmt"/>
      <line num="107" count="19" type="cond" truecount="1" falsecount="0"/>
      <line num="108" count="2" type="stmt"/>
      <line num="109" count="2" type="stmt"/>
      <line num="110" count="2" type="stmt"/>
      <line num="111" count="2" type="stmt"/>
      <line num="112" count="2" type="stmt"/>
      <line num="113" count="2" type="stmt"/>
      <line num="115" count="19" type="stmt"/>
      <line num="147" count="1" type="cond" truecount="1" falsecount="0"/>
      <line num="148" count="14" type="stmt"/>
      <line num="149" count="14" type="stmt"/>
      <line num="150" count="14" type="stmt"/>
      <line num="151" count="14" type="cond" truecount="1" falsecount="0"/>
      <line num="152" count="2" type="stmt"/>
      <line num="153" count="14" type="cond" truecount="1" falsecount="0"/>
      <line num="154" count="12" type="stmt"/>
      <line num="155" count="12" type="stmt"/>
      <line num="156" count="14" type="cond" truecount="1" falsecount="0"/>
      <line num="157" count="3" type="stmt"/>
      <line num="158" count="3" type="stmt"/>
      <line num="159" count="14" type="cond" truecount="1" falsecount="0"/>
      <line num="160" count="2" type="stmt"/>
      <line num="161" count="2" type="stmt"/>
      <line num="162" count="14" type="cond" truecount="1" falsecount="0"/>
      <line num="163" count="2" type="stmt"/>
      <line num="164" count="2" type="stmt"/>
      <line num="165" count="14" type="cond" truecount="1" falsecount="0"/>
      <line num="166" count="3" type="stmt"/>
      <line num="167" count="3" type="stmt"/>
      <line num="168" count="14" type="stmt"/>
      <line num="169" count="14" type="stmt"/>
    </file>
  </project>
</coverage>
