{"/Users/russbiggs/workspace/openaq-transform/src/core/coordinates.ts": {"path":"/Users/russbiggs/workspace/openaq-transform/src/core/coordinates.ts","all":false,"statementMap":{"0":{"start":{"line":1,"column":0},"end":{"line":1,"column":26}},"29":{"start":{"line":30,"column":0},"end":{"line":30,"column":26}},"33":{"start":{"line":34,"column":0},"end":{"line":34,"column":12}},"37":{"start":{"line":38,"column":0},"end":{"line":38,"column":12}},"41":{"start":{"line":42,"column":0},"end":{"line":42,"column":16}},"46":{"start":{"line":47,"column":0},"end":{"line":47,"column":31}},"61":{"start":{"line":62,"column":0},"end":{"line":62,"column":65}},"62":{"start":{"line":63,"column":0},"end":{"line":63,"column":15}},"63":{"start":{"line":64,"column":0},"end":{"line":64,"column":15}},"64":{"start":{"line":65,"column":0},"end":{"line":65,"column":21}},"65":{"start":{"line":66,"column":0},"end":{"line":66,"column":39}},"68":{"start":{"line":69,"column":0},"end":{"line":69,"column":53}},"69":{"start":{"line":70,"column":0},"end":{"line":70,"column":72}},"70":{"start":{"line":71,"column":0},"end":{"line":71,"column":5}},"72":{"start":{"line":73,"column":0},"end":{"line":73,"column":3}},"81":{"start":{"line":82,"column":0},"end":{"line":82,"column":27}},"82":{"start":{"line":83,"column":0},"end":{"line":83,"column":29}},"83":{"start":{"line":84,"column":0},"end":{"line":84,"column":3}},"93":{"start":{"line":94,"column":0},"end":{"line":94,"column":27}},"94":{"start":{"line":95,"column":0},"end":{"line":95,"column":29}},"95":{"start":{"line":96,"column":0},"end":{"line":96,"column":3}},"106":{"start":{"line":107,"column":0},"end":{"line":107,"column":37}},"107":{"start":{"line":108,"column":0},"end":{"line":108,"column":12}},"108":{"start":{"line":109,"column":0},"end":{"line":109,"column":30}},"109":{"start":{"line":110,"column":0},"end":{"line":110,"column":32}},"110":{"start":{"line":111,"column":0},"end":{"line":111,"column":24}},"111":{"start":{"line":112,"column":0},"end":{"line":112,"column":5}},"112":{"start":{"line":113,"column":0},"end":{"line":113,"column":3}},"114":{"start":{"line":115,"column":0},"end":{"line":115,"column":1}},"146":{"start":{"line":147,"column":0},"end":{"line":147,"column":96}},"147":{"start":{"line":148,"column":0},"end":{"line":148,"column":30}},"148":{"start":{"line":149,"column":0},"end":{"line":149,"column":42}},"149":{"start":{"line":150,"column":0},"end":{"line":150,"column":22}},"150":{"start":{"line":151,"column":0},"end":{"line":151,"column":16}},"151":{"start":{"line":152,"column":0},"end":{"line":152,"column":29}},"152":{"start":{"line":153,"column":0},"end":{"line":153,"column":10}},"153":{"start":{"line":154,"column":0},"end":{"line":154,"column":28}},"154":{"start":{"line":155,"column":0},"end":{"line":155,"column":3}},"155":{"start":{"line":156,"column":0},"end":{"line":156,"column":25}},"156":{"start":{"line":157,"column":0},"end":{"line":157,"column":21}},"157":{"start":{"line":158,"column":0},"end":{"line":158,"column":3}},"158":{"start":{"line":159,"column":0},"end":{"line":159,"column":25}},"159":{"start":{"line":160,"column":0},"end":{"line":160,"column":21}},"160":{"start":{"line":161,"column":0},"end":{"line":161,"column":3}},"161":{"start":{"line":162,"column":0},"end":{"line":162,"column":25}},"162":{"start":{"line":163,"column":0},"end":{"line":163,"column":21}},"163":{"start":{"line":164,"column":0},"end":{"line":164,"column":3}},"164":{"start":{"line":165,"column":0},"end":{"line":165,"column":25}},"165":{"start":{"line":166,"column":0},"end":{"line":166,"column":21}},"166":{"start":{"line":167,"column":0},"end":{"line":167,"column":3}},"167":{"start":{"line":168,"column":0},"end":{"line":168,"column":19}},"168":{"start":{"line":169,"column":0},"end":{"line":169,"column":1}}},"s":{"0":1,"29":1,"33":19,"37":19,"41":19,"46":19,"61":19,"62":19,"63":19,"64":19,"65":19,"68":19,"69":3,"70":3,"72":19,"81":19,"82":5,"83":5,"93":19,"94":5,"95":5,"106":19,"107":2,"108":2,"109":2,"110":2,"111":2,"112":2,"114":19,"146":1,"147":14,"148":14,"149":14,"150":14,"151":2,"152":14,"153":12,"154":12,"155":14,"156":3,"157":3,"158":14,"159":2,"160":2,"161":14,"162":2,"163":2,"164":14,"165":3,"166":3,"167":14,"168":14},"branchMap":{"0":{"type":"branch","line":30,"loc":{"start":{"line":30,"column":7},"end":{"line":115,"column":1}},"locations":[{"start":{"line":30,"column":7},"end":{"line":115,"column":1}}]},"1":{"type":"branch","line":62,"loc":{"start":{"line":62,"column":2},"end":{"line":73,"column":3}},"locations":[{"start":{"line":62,"column":2},"end":{"line":73,"column":3}}]},"2":{"type":"branch","line":69,"loc":{"start":{"line":69,"column":52},"end":{"line":71,"column":5}},"locations":[{"start":{"line":69,"column":52},"end":{"line":71,"column":5}}]},"3":{"type":"branch","line":82,"loc":{"start":{"line":82,"column":2},"end":{"line":84,"column":3}},"locations":[{"start":{"line":82,"column":2},"end":{"line":84,"column":3}}]},"4":{"type":"branch","line":94,"loc":{"start":{"line":94,"column":2},"end":{"line":96,"column":3}},"locations":[{"start":{"line":94,"column":2},"end":{"line":96,"column":3}}]},"5":{"type":"branch","line":107,"loc":{"start":{"line":107,"column":2},"end":{"line":113,"column":3}},"locations":[{"start":{"line":107,"column":2},"end":{"line":113,"column":3}}]},"6":{"type":"branch","line":147,"loc":{"start":{"line":147,"column":7},"end":{"line":169,"column":1}},"locations":[{"start":{"line":147,"column":7},"end":{"line":169,"column":1}}]},"7":{"type":"branch","line":151,"loc":{"start":{"line":151,"column":15},"end":{"line":153,"column":9}},"locations":[{"start":{"line":151,"column":15},"end":{"line":153,"column":9}}]},"8":{"type":"branch","line":153,"loc":{"start":{"line":153,"column":2},"end":{"line":155,"column":3}},"locations":[{"start":{"line":153,"column":2},"end":{"line":155,"column":3}}]},"9":{"type":"branch","line":156,"loc":{"start":{"line":156,"column":24},"end":{"line":158,"column":3}},"locations":[{"start":{"line":156,"column":24},"end":{"line":158,"column":3}}]},"10":{"type":"branch","line":159,"loc":{"start":{"line":159,"column":24},"end":{"line":161,"column":3}},"locations":[{"start":{"line":159,"column":24},"end":{"line":161,"column":3}}]},"11":{"type":"branch","line":162,"loc":{"start":{"line":162,"column":24},"end":{"line":164,"column":3}},"locations":[{"start":{"line":162,"column":24},"end":{"line":164,"column":3}}]},"12":{"type":"branch","line":165,"loc":{"start":{"line":165,"column":24},"end":{"line":167,"column":3}},"locations":[{"start":{"line":165,"column":24},"end":{"line":167,"column":3}}]}},"b":{"0":[19],"1":[19],"2":[3],"3":[5],"4":[5],"5":[2],"6":[14],"7":[2],"8":[12],"9":[3],"10":[2],"11":[2],"12":[3]},"fnMap":{"0":{"name":"<instance_members_initializer>","decl":{"start":{"line":30,"column":7},"end":{"line":115,"column":1}},"loc":{"start":{"line":30,"column":7},"end":{"line":115,"column":1}},"line":30},"1":{"name":"Coordinates","decl":{"start":{"line":62,"column":2},"end":{"line":73,"column":3}},"loc":{"start":{"line":62,"column":2},"end":{"line":73,"column":3}},"line":62},"2":{"name":"get latitude","decl":{"start":{"line":82,"column":2},"end":{"line":84,"column":3}},"loc":{"start":{"line":82,"column":2},"end":{"line":84,"column":3}},"line":82},"3":{"name":"get longitude","decl":{"start":{"line":94,"column":2},"end":{"line":96,"column":3}},"loc":{"start":{"line":94,"column":2},"end":{"line":96,"column":3}},"line":94},"4":{"name":"json","decl":{"start":{"line":107,"column":2},"end":{"line":113,"column":3}},"loc":{"start":{"line":107,"column":2},"end":{"line":113,"column":3}},"line":107},"5":{"name":"updateBounds","decl":{"start":{"line":147,"column":7},"end":{"line":169,"column":1}},"loc":{"start":{"line":147,"column":7},"end":{"line":169,"column":1}},"line":147}},"f":{"0":19,"1":19,"2":5,"3":5,"4":2,"5":14}}
}
